<?xml version="1.0" encoding="UTF-8"?>
<testng-results ignored="0" total="1" passed="1" failed="0" skipped="0">
  <reporter-output>
  </reporter-output>
  <suite started-at="2019-12-11T22:50:31 IST" name="Default suite" finished-at="2019-12-11T22:51:04 IST" duration-ms="33227">
    <groups>
    </groups>
    <test started-at="2019-12-11T22:50:31 IST" name="Default test" finished-at="2019-12-11T22:51:04 IST" duration-ms="33227">
      <class name="DockerTest">
        <test-method signature="runTestOnDocker()[pri:0, instance:DockerTest@4f67eb2a]" started-at="2019-12-11T22:50:31 IST" name="runTestOnDocker" finished-at="2019-12-11T22:51:04 IST" duration-ms="33139" status="PASS">
          <reporter-output>
          </reporter-output>
        </test-method> <!-- runTestOnDocker -->
      </class> <!-- DockerTest -->
    </test> <!-- Default test -->
  </suite> <!-- Default suite -->
</testng-results>
